{"/home/alopes/Documents/projects/ewally/bank-slip-generator/src/application/services/index.ts": {"path":"/home/alopes/Documents/projects/ewally/bank-slip-generator/src/application/services/index.ts","statementMap":{"0":{"start":{"line":1,"column":0},"end":{"line":1,"column":41}}},"fnMap":{},"branchMap":{},"s":{"0":5},"f":{},"b":{}}
,"/home/alopes/Documents/projects/ewally/bank-slip-generator/src/application/services/load-bank-slip-service.ts": {"path":"/home/alopes/Documents/projects/ewally/bank-slip-generator/src/application/services/load-bank-slip-service.ts","statementMap":{"0":{"start":{"line":8,"column":4},"end":{"line":8,"column":57}},"1":{"start":{"line":14,"column":19},"end":{"line":14,"column":70}},"2":{"start":{"line":16,"column":4},"end":{"line":16,"column":18}},"3":{"start":{"line":4,"column":0},"end":{"line":4,"column":13}}},"fnMap":{"0":{"name":"(anonymous_0)","decl":{"start":{"line":7,"column":2},"end":{"line":7,"column":14}},"loc":{"start":{"line":7,"column":60},"end":{"line":9,"column":3}}},"1":{"name":"(anonymous_1)","decl":{"start":{"line":11,"column":2},"end":{"line":11,"column":7}},"loc":{"start":{"line":12,"column":38},"end":{"line":17,"column":3}}}},"branchMap":{},"s":{"0":7,"1":7,"2":2,"3":6},"f":{"0":7,"1":7},"b":{}}
,"/home/alopes/Documents/projects/ewally/bank-slip-generator/src/domain/common/types/index.ts": {"path":"/home/alopes/Documents/projects/ewally/bank-slip-generator/src/domain/common/types/index.ts","statementMap":{"0":{"start":{"line":1,"column":0},"end":{"line":1,"column":32}}},"fnMap":{},"branchMap":{},"s":{"0":0},"f":{},"b":{}}
,"/home/alopes/Documents/projects/ewally/bank-slip-generator/src/domain/usecases/index.ts": {"path":"/home/alopes/Documents/projects/ewally/bank-slip-generator/src/domain/usecases/index.ts","statementMap":{"0":{"start":{"line":1,"column":0},"end":{"line":1,"column":41}}},"fnMap":{},"branchMap":{},"s":{"0":0},"f":{},"b":{}}
,"/home/alopes/Documents/projects/ewally/bank-slip-generator/src/infra/errors/app-errors.ts": {"path":"/home/alopes/Documents/projects/ewally/bank-slip-generator/src/infra/errors/app-errors.ts","statementMap":{"0":{"start":{"line":12,"column":4},"end":{"line":12,"column":43}},"1":{"start":{"line":13,"column":4},"end":{"line":13,"column":21}},"2":{"start":{"line":14,"column":4},"end":{"line":14,"column":27}},"3":{"start":{"line":15,"column":4},"end":{"line":15,"column":33}},"4":{"start":{"line":1,"column":0},"end":{"line":1,"column":21}}},"fnMap":{"0":{"name":"(anonymous_0)","decl":{"start":{"line":6,"column":2},"end":{"line":6,"column":null}},"loc":{"start":{"line":10,"column":16},"end":{"line":16,"column":3}}}},"branchMap":{"0":{"loc":{"start":{"line":12,"column":10},"end":{"line":12,"column":41}},"type":"cond-expr","locations":[{"start":{"line":12,"column":10},"end":{"line":12,"column":19}},{"start":{"line":12,"column":23},"end":{"line":12,"column":41}}]},"1":{"loc":{"start":{"line":12,"column":10},"end":{"line":12,"column":23}},"type":"binary-expr","locations":[{"start":{"line":12,"column":10},"end":{"line":12,"column":23}},{"start":{"line":12,"column":10},"end":{"line":12,"column":23}}]}},"s":{"0":23,"1":23,"2":23,"3":23,"4":12},"f":{"0":23},"b":{"0":[23,0],"1":[23,23]}}
,"/home/alopes/Documents/projects/ewally/bank-slip-generator/src/infra/helpers/add-days.ts": {"path":"/home/alopes/Documents/projects/ewally/bank-slip-generator/src/infra/helpers/add-days.ts","statementMap":{"0":{"start":{"line":1,"column":23},"end":{"line":9,"column":1}},"1":{"start":{"line":2,"column":17},"end":{"line":2,"column":31}},"2":{"start":{"line":4,"column":2},"end":{"line":4,"column":42}},"3":{"start":{"line":6,"column":20},"end":{"line":6,"column":47}},"4":{"start":{"line":8,"column":2},"end":{"line":8,"column":19}},"5":{"start":{"line":1,"column":13},"end":{"line":1,"column":23}}},"fnMap":{"0":{"name":"(anonymous_0)","decl":{"start":{"line":1,"column":23},"end":{"line":1,"column":24}},"loc":{"start":{"line":1,"column":54},"end":{"line":9,"column":1}}}},"branchMap":{},"s":{"0":9,"1":4,"2":4,"3":4,"4":4,"5":9},"f":{"0":4},"b":{}}
,"/home/alopes/Documents/projects/ewally/bank-slip-generator/src/infra/helpers/bar-code-generator.ts": {"path":"/home/alopes/Documents/projects/ewally/bank-slip-generator/src/infra/helpers/bar-code-generator.ts","statementMap":{"0":{"start":{"line":1,"column":32},"end":{"line":19,"column":1}},"1":{"start":{"line":2,"column":2},"end":{"line":11,"column":null}},"2":{"start":{"line":3,"column":4},"end":{"line":10,"column":6}},"3":{"start":{"line":13,"column":2},"end":{"line":18,"column":4}},"4":{"start":{"line":1,"column":13},"end":{"line":1,"column":32}}},"fnMap":{"0":{"name":"(anonymous_0)","decl":{"start":{"line":1,"column":32},"end":{"line":1,"column":33}},"loc":{"start":{"line":1,"column":49},"end":{"line":19,"column":1}}}},"branchMap":{"0":{"loc":{"start":{"line":2,"column":2},"end":{"line":11,"column":null}},"type":"if","locations":[{"start":{"line":2,"column":2},"end":{"line":11,"column":null}}]}},"s":{"0":9,"1":7,"2":4,"3":3,"4":9},"f":{"0":7},"b":{"0":[4]}}
,"/home/alopes/Documents/projects/ewally/bank-slip-generator/src/infra/helpers/check-even.ts": {"path":"/home/alopes/Documents/projects/ewally/bank-slip-generator/src/infra/helpers/check-even.ts","statementMap":{"0":{"start":{"line":1,"column":25},"end":{"line":3,"column":1}},"1":{"start":{"line":2,"column":2},"end":{"line":2,"column":20}},"2":{"start":{"line":1,"column":13},"end":{"line":1,"column":25}}},"fnMap":{"0":{"name":"(anonymous_0)","decl":{"start":{"line":1,"column":25},"end":{"line":1,"column":26}},"loc":{"start":{"line":1,"column":39},"end":{"line":3,"column":1}}}},"branchMap":{},"s":{"0":11,"1":268,"2":11},"f":{"0":268},"b":{}}
,"/home/alopes/Documents/projects/ewally/bank-slip-generator/src/infra/helpers/check-if-numbers-only.ts": {"path":"/home/alopes/Documents/projects/ewally/bank-slip-generator/src/infra/helpers/check-if-numbers-only.ts","statementMap":{"0":{"start":{"line":1,"column":35},"end":{"line":5,"column":1}},"1":{"start":{"line":2,"column":14},"end":{"line":2,"column":21}},"2":{"start":{"line":4,"column":2},"end":{"line":4,"column":24}},"3":{"start":{"line":1,"column":13},"end":{"line":1,"column":35}}},"fnMap":{"0":{"name":"(anonymous_0)","decl":{"start":{"line":1,"column":35},"end":{"line":1,"column":36}},"loc":{"start":{"line":1,"column":61},"end":{"line":5,"column":1}}}},"branchMap":{},"s":{"0":8,"1":10,"2":10,"3":8},"f":{"0":10},"b":{}}
,"/home/alopes/Documents/projects/ewally/bank-slip-generator/src/infra/helpers/get-amount.ts": {"path":"/home/alopes/Documents/projects/ewally/bank-slip-generator/src/infra/helpers/get-amount.ts","statementMap":{"0":{"start":{"line":1,"column":25},"end":{"line":8,"column":1}},"1":{"start":{"line":3,"column":4},"end":{"line":3,"column":63}},"2":{"start":{"line":5,"column":22},"end":{"line":5,"column":47}},"3":{"start":{"line":7,"column":2},"end":{"line":7,"column":40}},"4":{"start":{"line":1,"column":13},"end":{"line":1,"column":25}}},"fnMap":{"0":{"name":"(anonymous_0)","decl":{"start":{"line":1,"column":25},"end":{"line":1,"column":26}},"loc":{"start":{"line":1,"column":42},"end":{"line":8,"column":1}}}},"branchMap":{"0":{"loc":{"start":{"line":3,"column":4},"end":{"line":3,"column":63}},"type":"cond-expr","locations":[{"start":{"line":3,"column":25},"end":{"line":3,"column":43}},{"start":{"line":3,"column":46},"end":{"line":3,"column":63}}]}},"s":{"0":8,"1":5,"2":5,"3":5,"4":8},"f":{"0":5},"b":{"0":[3,2]}}
,"/home/alopes/Documents/projects/ewally/bank-slip-generator/src/infra/helpers/get-bar-code.ts": {"path":"/home/alopes/Documents/projects/ewally/bank-slip-generator/src/infra/helpers/get-bar-code.ts","statementMap":{"0":{"start":{"line":1,"column":26},"end":{"line":13,"column":1}},"1":{"start":{"line":2,"column":30},"end":{"line":2,"column":58}},"2":{"start":{"line":3,"column":29},"end":{"line":3,"column":58}},"3":{"start":{"line":5,"column":47},"end":{"line":7,"column":null}},"4":{"start":{"line":10,"column":18},"end":{"line":10,"column":75}},"5":{"start":{"line":12,"column":2},"end":{"line":12,"column":42}},"6":{"start":{"line":1,"column":13},"end":{"line":1,"column":26}}},"fnMap":{"0":{"name":"(anonymous_0)","decl":{"start":{"line":1,"column":26},"end":{"line":1,"column":27}},"loc":{"start":{"line":1,"column":67},"end":{"line":13,"column":1}}}},"branchMap":{},"s":{"0":9,"1":7,"2":7,"3":7,"4":7,"5":7,"6":9},"f":{"0":7},"b":{}}
,"/home/alopes/Documents/projects/ewally/bank-slip-generator/src/infra/helpers/get-expiration-date.ts": {"path":"/home/alopes/Documents/projects/ewally/bank-slip-generator/src/infra/helpers/get-expiration-date.ts","statementMap":{"0":{"start":{"line":1,"column":0},"end":{"line":1,"column":37}},"1":{"start":{"line":3,"column":33},"end":{"line":16,"column":1}},"2":{"start":{"line":4,"column":19},"end":{"line":4,"column":41}},"3":{"start":{"line":6,"column":25},"end":{"line":8,"column":null}},"4":{"start":{"line":11,"column":2},"end":{"line":15,"column":38}},"5":{"start":{"line":3,"column":13},"end":{"line":3,"column":33}}},"fnMap":{"0":{"name":"(anonymous_0)","decl":{"start":{"line":3,"column":33},"end":{"line":3,"column":34}},"loc":{"start":{"line":3,"column":62},"end":{"line":16,"column":1}}}},"branchMap":{},"s":{"0":8,"1":8,"2":3,"3":3,"4":3,"5":8},"f":{"0":3},"b":{}}
,"/home/alopes/Documents/projects/ewally/bank-slip-generator/src/infra/helpers/index.ts": {"path":"/home/alopes/Documents/projects/ewally/bank-slip-generator/src/infra/helpers/index.ts","statementMap":{"0":{"start":{"line":1,"column":0},"end":{"line":1,"column":47}},"1":{"start":{"line":2,"column":0},"end":{"line":2,"column":40}},"2":{"start":{"line":3,"column":0},"end":{"line":3,"column":37}},"3":{"start":{"line":4,"column":0},"end":{"line":4,"column":32}},"4":{"start":{"line":5,"column":0},"end":{"line":5,"column":29}},"5":{"start":{"line":6,"column":0},"end":{"line":6,"column":29}},"6":{"start":{"line":7,"column":0},"end":{"line":7,"column":36}},"7":{"start":{"line":8,"column":0},"end":{"line":8,"column":29}},"8":{"start":{"line":9,"column":0},"end":{"line":9,"column":27}},"9":{"start":{"line":10,"column":0},"end":{"line":10,"column":38}},"10":{"start":{"line":11,"column":0},"end":{"line":11,"column":31}},"11":{"start":{"line":12,"column":0},"end":{"line":12,"column":33}},"12":{"start":{"line":13,"column":0},"end":{"line":13,"column":40}},"13":{"start":{"line":14,"column":0},"end":{"line":14,"column":39}}},"fnMap":{},"branchMap":{},"s":{"0":7,"1":7,"2":7,"3":7,"4":7,"5":7,"6":7,"7":7,"8":7,"9":7,"10":7,"11":7,"12":7,"13":7},"f":{},"b":{}}
,"/home/alopes/Documents/projects/ewally/bank-slip-generator/src/infra/helpers/module-eleven.ts": {"path":"/home/alopes/Documents/projects/ewally/bank-slip-generator/src/infra/helpers/module-eleven.ts","statementMap":{"0":{"start":{"line":1,"column":0},"end":{"line":1,"column":44}},"1":{"start":{"line":8,"column":28},"end":{"line":56,"column":1}},"2":{"start":{"line":13,"column":18},"end":{"line":28,"column":3}},"3":{"start":{"line":14,"column":31},"end":{"line":14,"column":35}},"4":{"start":{"line":15,"column":28},"end":{"line":15,"column":45}},"5":{"start":{"line":17,"column":4},"end":{"line":22,"column":null}},"6":{"start":{"line":18,"column":6},"end":{"line":21,"column":8}},"7":{"start":{"line":24,"column":4},"end":{"line":27,"column":6}},"8":{"start":{"line":30,"column":23},"end":{"line":30,"column":76}},"9":{"start":{"line":32,"column":18},"end":{"line":32,"column":35}},"10":{"start":{"line":34,"column":30},"end":{"line":34,"column":42}},"11":{"start":{"line":37,"column":4},"end":{"line":39,"column":30}},"12":{"start":{"line":42,"column":4},"end":{"line":43,"column":62}},"13":{"start":{"line":45,"column":2},"end":{"line":48,"column":null}},"14":{"start":{"line":46,"column":4},"end":{"line":46,"column":29}},"15":{"start":{"line":46,"column":20},"end":{"line":46,"column":29}},"16":{"start":{"line":47,"column":4},"end":{"line":47,"column":31}},"17":{"start":{"line":50,"column":2},"end":{"line":55,"column":4}},"18":{"start":{"line":8,"column":13},"end":{"line":8,"column":28}}},"fnMap":{"0":{"name":"(anonymous_1)","decl":{"start":{"line":8,"column":28},"end":{"line":8,"column":null}},"loc":{"start":{"line":12,"column":4},"end":{"line":56,"column":1}}},"1":{"name":"(anonymous_2)","decl":{"start":{"line":13,"column":18},"end":{"line":13,"column":19}},"loc":{"start":{"line":13,"column":62},"end":{"line":28,"column":3}}}},"branchMap":{"0":{"loc":{"start":{"line":17,"column":4},"end":{"line":22,"column":null}},"type":"if","locations":[{"start":{"line":17,"column":4},"end":{"line":22,"column":null}}]},"1":{"loc":{"start":{"line":37,"column":4},"end":{"line":39,"column":30}},"type":"binary-expr","locations":[{"start":{"line":37,"column":4},"end":{"line":37,"column":29}},{"start":{"line":38,"column":4},"end":{"line":38,"column":30}},{"start":{"line":39,"column":4},"end":{"line":39,"column":30}}]},"2":{"loc":{"start":{"line":42,"column":4},"end":{"line":43,"column":62}},"type":"binary-expr","locations":[{"start":{"line":42,"column":5},"end":{"line":42,"column":20}},{"start":{"line":42,"column":24},"end":{"line":42,"column":43}},{"start":{"line":43,"column":5},"end":{"line":43,"column":19}},{"start":{"line":43,"column":23},"end":{"line":43,"column":61}}]},"3":{"loc":{"start":{"line":45,"column":2},"end":{"line":48,"column":null}},"type":"if","locations":[{"start":{"line":45,"column":2},"end":{"line":48,"column":null}}]},"4":{"loc":{"start":{"line":46,"column":4},"end":{"line":46,"column":29}},"type":"if","locations":[{"start":{"line":46,"column":4},"end":{"line":46,"column":29}}]}},"s":{"0":10,"1":10,"2":5,"3":173,"4":173,"5":173,"6":20,"7":153,"8":5,"9":5,"10":5,"11":5,"12":5,"13":5,"14":4,"15":0,"16":4,"17":1,"18":10},"f":{"0":5,"1":173},"b":{"0":[20],"1":[5,5,4],"2":[5,4,1,1],"3":[4],"4":[0]}}
,"/home/alopes/Documents/projects/ewally/bank-slip-generator/src/infra/helpers/module-ten.ts": {"path":"/home/alopes/Documents/projects/ewally/bank-slip-generator/src/infra/helpers/module-ten.ts","statementMap":{"0":{"start":{"line":1,"column":0},"end":{"line":1,"column":41}},"1":{"start":{"line":2,"column":0},"end":{"line":2,"column":44}},"2":{"start":{"line":4,"column":25},"end":{"line":58,"column":1}},"3":{"start":{"line":9,"column":23},"end":{"line":25,"column":null}},"4":{"start":{"line":11,"column":26},"end":{"line":11,"column":42}},"5":{"start":{"line":13,"column":31},"end":{"line":13,"column":70}},"6":{"start":{"line":15,"column":6},"end":{"line":21,"column":null}},"7":{"start":{"line":16,"column":42},"end":{"line":16,"column":79}},"8":{"start":{"line":18,"column":34},"end":{"line":18,"column":74}},"9":{"start":{"line":20,"column":8},"end":{"line":20,"column":40}},"10":{"start":{"line":23,"column":6},"end":{"line":23,"column":37}},"11":{"start":{"line":28,"column":18},"end":{"line":28,"column":35}},"12":{"start":{"line":29,"column":28},"end":{"line":29,"column":40}},"13":{"start":{"line":31,"column":2},"end":{"line":33,"column":null}},"14":{"start":{"line":32,"column":4},"end":{"line":32,"column":28}},"15":{"start":{"line":35,"column":2},"end":{"line":42,"column":null}},"16":{"start":{"line":36,"column":4},"end":{"line":41,"column":6}},"17":{"start":{"line":44,"column":2},"end":{"line":51,"column":null}},"18":{"start":{"line":45,"column":4},"end":{"line":50,"column":6}},"19":{"start":{"line":53,"column":2},"end":{"line":55,"column":null}},"20":{"start":{"line":54,"column":4},"end":{"line":54,"column":31}},"21":{"start":{"line":57,"column":2},"end":{"line":57,"column":14}},"22":{"start":{"line":4,"column":13},"end":{"line":4,"column":25}}},"fnMap":{"0":{"name":"(anonymous_1)","decl":{"start":{"line":4,"column":25},"end":{"line":4,"column":null}},"loc":{"start":{"line":8,"column":4},"end":{"line":58,"column":1}}},"1":{"name":"(anonymous_2)","decl":{"start":{"line":10,"column":4},"end":{"line":10,"column":5}},"loc":{"start":{"line":10,"column":53},"end":{"line":24,"column":5}}}},"branchMap":{"0":{"loc":{"start":{"line":13,"column":31},"end":{"line":13,"column":70}},"type":"cond-expr","locations":[{"start":{"line":13,"column":45},"end":{"line":13,"column":56}},{"start":{"line":13,"column":59},"end":{"line":13,"column":70}}]},"1":{"loc":{"start":{"line":15,"column":6},"end":{"line":21,"column":null}},"type":"if","locations":[{"start":{"line":15,"column":6},"end":{"line":21,"column":null}}]},"2":{"loc":{"start":{"line":31,"column":2},"end":{"line":33,"column":null}},"type":"if","locations":[{"start":{"line":31,"column":2},"end":{"line":33,"column":null}}]},"3":{"loc":{"start":{"line":35,"column":2},"end":{"line":42,"column":null}},"type":"if","locations":[{"start":{"line":35,"column":2},"end":{"line":42,"column":null}}]},"4":{"loc":{"start":{"line":35,"column":6},"end":{"line":35,"column":68}},"type":"binary-expr","locations":[{"start":{"line":35,"column":6},"end":{"line":35,"column":18}},{"start":{"line":35,"column":22},"end":{"line":35,"column":68}}]},"5":{"loc":{"start":{"line":44,"column":2},"end":{"line":51,"column":null}},"type":"if","locations":[{"start":{"line":44,"column":2},"end":{"line":51,"column":null}}]},"6":{"loc":{"start":{"line":53,"column":2},"end":{"line":55,"column":null}},"type":"if","locations":[{"start":{"line":53,"column":2},"end":{"line":55,"column":null}}]},"7":{"loc":{"start":{"line":53,"column":6},"end":{"line":53,"column":68}},"type":"binary-expr","locations":[{"start":{"line":53,"column":6},"end":{"line":53,"column":18}},{"start":{"line":53,"column":22},"end":{"line":53,"column":68}}]}},"s":{"0":10,"1":10,"2":10,"3":20,"4":266,"5":266,"6":266,"7":25,"8":25,"9":25,"10":241,"11":20,"12":20,"13":20,"14":1,"15":20,"16":0,"17":20,"18":4,"19":16,"20":2,"21":14,"22":10},"f":{"0":20,"1":266},"b":{"0":[140,126],"1":[25],"2":[1],"3":[0],"4":[20,2],"5":[4],"6":[2],"7":[16,2]}}
,"/home/alopes/Documents/projects/ewally/bank-slip-generator/src/infra/helpers/validate-bar-code.ts": {"path":"/home/alopes/Documents/projects/ewally/bank-slip-generator/src/infra/helpers/validate-bar-code.ts","statementMap":{"0":{"start":{"line":1,"column":0},"end":{"line":1,"column":44}},"1":{"start":{"line":2,"column":0},"end":{"line":2,"column":47}},"2":{"start":{"line":3,"column":0},"end":{"line":3,"column":41}},"3":{"start":{"line":4,"column":0},"end":{"line":4,"column":44}},"4":{"start":{"line":5,"column":31},"end":{"line":35,"column":1}},"5":{"start":{"line":6,"column":2},"end":{"line":24,"column":null}},"6":{"start":{"line":7,"column":45},"end":{"line":7,"column":64}},"7":{"start":{"line":9,"column":20},"end":{"line":9,"column":39}},"8":{"start":{"line":10,"column":37},"end":{"line":10,"column":56}},"9":{"start":{"line":11,"column":31},"end":{"line":11,"column":65}},"10":{"start":{"line":12,"column":30},"end":{"line":12,"column":62}},"11":{"start":{"line":14,"column":4},"end":{"line":21,"column":null}},"12":{"start":{"line":15,"column":6},"end":{"line":20,"column":8}},"13":{"start":{"line":23,"column":4},"end":{"line":23,"column":16}},"14":{"start":{"line":26,"column":43},"end":{"line":26,"column":62}},"15":{"start":{"line":28,"column":18},"end":{"line":28,"column":37}},"16":{"start":{"line":29,"column":35},"end":{"line":29,"column":54}},"17":{"start":{"line":30,"column":29},"end":{"line":30,"column":63}},"18":{"start":{"line":32,"column":2},"end":{"line":32,"column":53}},"19":{"start":{"line":34,"column":2},"end":{"line":34,"column":14}},"20":{"start":{"line":5,"column":13},"end":{"line":5,"column":31}}},"fnMap":{"0":{"name":"(anonymous_1)","decl":{"start":{"line":5,"column":31},"end":{"line":5,"column":32}},"loc":{"start":{"line":5,"column":68},"end":{"line":35,"column":1}}}},"branchMap":{"0":{"loc":{"start":{"line":6,"column":2},"end":{"line":24,"column":null}},"type":"if","locations":[{"start":{"line":6,"column":2},"end":{"line":24,"column":null}}]},"1":{"loc":{"start":{"line":14,"column":4},"end":{"line":21,"column":null}},"type":"if","locations":[{"start":{"line":14,"column":4},"end":{"line":21,"column":null}}]}},"s":{"0":8,"1":8,"2":8,"3":8,"4":8,"5":5,"6":3,"7":3,"8":3,"9":3,"10":3,"11":3,"12":0,"13":3,"14":2,"15":2,"16":2,"17":2,"18":2,"19":2,"20":8},"f":{"0":5},"b":{"0":[3],"1":[0]}}
,"/home/alopes/Documents/projects/ewally/bank-slip-generator/src/infra/helpers/validate-digitable-line-code.ts": {"path":"/home/alopes/Documents/projects/ewally/bank-slip-generator/src/infra/helpers/validate-digitable-line-code.ts","statementMap":{"0":{"start":{"line":1,"column":0},"end":{"line":1,"column":44}},"1":{"start":{"line":2,"column":0},"end":{"line":2,"column":62}},"2":{"start":{"line":4,"column":37},"end":{"line":37,"column":1}},"3":{"start":{"line":5,"column":30},"end":{"line":5,"column":50}},"4":{"start":{"line":7,"column":21},"end":{"line":7,"column":73}},"5":{"start":{"line":9,"column":2},"end":{"line":16,"column":null}},"6":{"start":{"line":10,"column":4},"end":{"line":15,"column":6}},"7":{"start":{"line":18,"column":2},"end":{"line":25,"column":null}},"8":{"start":{"line":19,"column":4},"end":{"line":24,"column":6}},"9":{"start":{"line":27,"column":2},"end":{"line":34,"column":null}},"10":{"start":{"line":28,"column":4},"end":{"line":33,"column":6}},"11":{"start":{"line":36,"column":2},"end":{"line":36,"column":29}},"12":{"start":{"line":4,"column":13},"end":{"line":4,"column":37}}},"fnMap":{"0":{"name":"(anonymous_1)","decl":{"start":{"line":4,"column":37},"end":{"line":4,"column":38}},"loc":{"start":{"line":4,"column":71},"end":{"line":37,"column":1}}}},"branchMap":{"0":{"loc":{"start":{"line":7,"column":21},"end":{"line":7,"column":73}},"type":"binary-expr","locations":[{"start":{"line":7,"column":21},"end":{"line":7,"column":45}},{"start":{"line":7,"column":49},"end":{"line":7,"column":73}}]},"1":{"loc":{"start":{"line":9,"column":2},"end":{"line":16,"column":null}},"type":"if","locations":[{"start":{"line":9,"column":2},"end":{"line":16,"column":null}}]},"2":{"loc":{"start":{"line":18,"column":2},"end":{"line":25,"column":null}},"type":"if","locations":[{"start":{"line":18,"column":2},"end":{"line":25,"column":null}}]},"3":{"loc":{"start":{"line":27,"column":2},"end":{"line":34,"column":null}},"type":"if","locations":[{"start":{"line":27,"column":2},"end":{"line":34,"column":null}}]}},"s":{"0":8,"1":8,"2":8,"3":19,"4":19,"5":19,"6":1,"7":18,"8":8,"9":10,"10":3,"11":7,"12":8},"f":{"0":19},"b":{"0":[19,11],"1":[1],"2":[8],"3":[3]}}
,"/home/alopes/Documents/projects/ewally/bank-slip-generator/src/infra/helpers/validate-field.ts": {"path":"/home/alopes/Documents/projects/ewally/bank-slip-generator/src/infra/helpers/validate-field.ts","statementMap":{"0":{"start":{"line":1,"column":0},"end":{"line":1,"column":47}},"1":{"start":{"line":2,"column":0},"end":{"line":2,"column":41}},"2":{"start":{"line":3,"column":29},"end":{"line":24,"column":1}},"3":{"start":{"line":10,"column":23},"end":{"line":10,"column":40}},"4":{"start":{"line":11,"column":22},"end":{"line":11,"column":46}},"5":{"start":{"line":12,"column":29},"end":{"line":12,"column":50}},"6":{"start":{"line":13,"column":31},"end":{"line":13,"column":53}},"7":{"start":{"line":15,"column":18},"end":{"line":15,"column":75}},"8":{"start":{"line":17,"column":2},"end":{"line":21,"column":null}},"9":{"start":{"line":18,"column":4},"end":{"line":18,"column":69}},"10":{"start":{"line":20,"column":4},"end":{"line":20,"column":72}},"11":{"start":{"line":23,"column":2},"end":{"line":23,"column":14}},"12":{"start":{"line":3,"column":13},"end":{"line":3,"column":29}}},"fnMap":{"0":{"name":"(anonymous_0)","decl":{"start":{"line":3,"column":29},"end":{"line":3,"column":null}},"loc":{"start":{"line":9,"column":4},"end":{"line":24,"column":1}}}},"branchMap":{"0":{"loc":{"start":{"line":15,"column":18},"end":{"line":15,"column":75}},"type":"binary-expr","locations":[{"start":{"line":15,"column":18},"end":{"line":15,"column":31}},{"start":{"line":15,"column":35},"end":{"line":15,"column":53}},{"start":{"line":15,"column":57},"end":{"line":15,"column":75}}]},"1":{"loc":{"start":{"line":17,"column":2},"end":{"line":21,"column":null}},"type":"if","locations":[{"start":{"line":17,"column":2},"end":{"line":21,"column":null}},{"start":{"line":19,"column":9},"end":{"line":21,"column":null}}]}},"s":{"0":8,"1":8,"2":8,"3":16,"4":16,"5":16,"6":16,"7":16,"8":16,"9":16,"10":0,"11":13,"12":8},"f":{"0":16},"b":{"0":[16,5,0],"1":[16,0]}}
,"/home/alopes/Documents/projects/ewally/bank-slip-generator/src/infra/helpers/validate-four-fields.ts": {"path":"/home/alopes/Documents/projects/ewally/bank-slip-generator/src/infra/helpers/validate-four-fields.ts","statementMap":{"0":{"start":{"line":1,"column":0},"end":{"line":1,"column":49}},"1":{"start":{"line":3,"column":34},"end":{"line":20,"column":1}},"2":{"start":{"line":4,"column":17},"end":{"line":4,"column":19}},"3":{"start":{"line":5,"column":23},"end":{"line":5,"column":47}},"4":{"start":{"line":6,"column":19},"end":{"line":6,"column":45}},"5":{"start":{"line":7,"column":19},"end":{"line":7,"column":46}},"6":{"start":{"line":8,"column":21},"end":{"line":8,"column":48}},"7":{"start":{"line":9,"column":20},"end":{"line":9,"column":47}},"8":{"start":{"line":11,"column":32},"end":{"line":11,"column":59}},"9":{"start":{"line":12,"column":32},"end":{"line":12,"column":59}},"10":{"start":{"line":13,"column":34},"end":{"line":13,"column":61}},"11":{"start":{"line":14,"column":33},"end":{"line":14,"column":60}},"12":{"start":{"line":16,"column":2},"end":{"line":16,"column":74}},"13":{"start":{"line":17,"column":2},"end":{"line":17,"column":74}},"14":{"start":{"line":18,"column":2},"end":{"line":18,"column":78}},"15":{"start":{"line":19,"column":2},"end":{"line":19,"column":76}},"16":{"start":{"line":3,"column":13},"end":{"line":3,"column":34}}},"fnMap":{"0":{"name":"(anonymous_0)","decl":{"start":{"line":3,"column":34},"end":{"line":3,"column":35}},"loc":{"start":{"line":3,"column":60},"end":{"line":20,"column":1}}}},"branchMap":{},"s":{"0":7,"1":7,"2":1,"3":1,"4":1,"5":1,"6":1,"7":1,"8":1,"9":1,"10":1,"11":1,"12":1,"13":1,"14":1,"15":1,"16":7},"f":{"0":1},"b":{}}
,"/home/alopes/Documents/projects/ewally/bank-slip-generator/src/infra/helpers/validate-three-fields.ts": {"path":"/home/alopes/Documents/projects/ewally/bank-slip-generator/src/infra/helpers/validate-three-fields.ts","statementMap":{"0":{"start":{"line":1,"column":0},"end":{"line":1,"column":49}},"1":{"start":{"line":3,"column":35},"end":{"line":16,"column":1}},"2":{"start":{"line":4,"column":17},"end":{"line":4,"column":19}},"3":{"start":{"line":5,"column":19},"end":{"line":5,"column":44}},"4":{"start":{"line":6,"column":19},"end":{"line":6,"column":46}},"5":{"start":{"line":7,"column":21},"end":{"line":7,"column":48}},"6":{"start":{"line":9,"column":32},"end":{"line":9,"column":48}},"7":{"start":{"line":10,"column":32},"end":{"line":10,"column":49}},"8":{"start":{"line":11,"column":34},"end":{"line":11,"column":51}},"9":{"start":{"line":13,"column":2},"end":{"line":13,"column":60}},"10":{"start":{"line":14,"column":2},"end":{"line":14,"column":60}},"11":{"start":{"line":15,"column":2},"end":{"line":15,"column":64}},"12":{"start":{"line":3,"column":13},"end":{"line":3,"column":35}}},"fnMap":{"0":{"name":"(anonymous_0)","decl":{"start":{"line":3,"column":35},"end":{"line":3,"column":36}},"loc":{"start":{"line":3,"column":61},"end":{"line":16,"column":1}}}},"branchMap":{},"s":{"0":7,"1":7,"2":4,"3":4,"4":4,"5":4,"6":4,"7":4,"8":4,"9":4,"10":4,"11":2,"12":7},"f":{"0":4},"b":{}}
,"/home/alopes/Documents/projects/ewally/bank-slip-generator/src/infra/model/index.ts": {"path":"/home/alopes/Documents/projects/ewally/bank-slip-generator/src/infra/model/index.ts","statementMap":{"0":{"start":{"line":1,"column":0},"end":{"line":1,"column":33}}},"fnMap":{},"branchMap":{},"s":{"0":0},"f":{},"b":{}}
,"/home/alopes/Documents/projects/ewally/bank-slip-generator/src/infra/respositories/index.ts": {"path":"/home/alopes/Documents/projects/ewally/bank-slip-generator/src/infra/respositories/index.ts","statementMap":{"0":{"start":{"line":1,"column":0},"end":{"line":1,"column":44}}},"fnMap":{},"branchMap":{},"s":{"0":5},"f":{},"b":{}}
,"/home/alopes/Documents/projects/ewally/bank-slip-generator/src/infra/respositories/load-bank-slip-repository.ts": {"path":"/home/alopes/Documents/projects/ewally/bank-slip-generator/src/infra/respositories/load-bank-slip-repository.ts","statementMap":{"0":{"start":{"line":2,"column":0},"end":{"line":2,"column":null}},"1":{"start":{"line":15,"column":32},"end":{"line":15,"column":68}},"2":{"start":{"line":16,"column":26},"end":{"line":16,"column":52}},"3":{"start":{"line":18,"column":4},"end":{"line":34,"column":null}},"4":{"start":{"line":19,"column":6},"end":{"line":19,"column":41}},"5":{"start":{"line":20,"column":22},"end":{"line":20,"column":53}},"6":{"start":{"line":21,"column":6},"end":{"line":21,"column":52}},"7":{"start":{"line":23,"column":31},"end":{"line":23,"column":50}},"8":{"start":{"line":25,"column":21},"end":{"line":25,"column":45}},"9":{"start":{"line":27,"column":29},"end":{"line":27,"column":64}},"10":{"start":{"line":29,"column":6},"end":{"line":33,"column":8}},"11":{"start":{"line":36,"column":4},"end":{"line":36,"column":38}},"12":{"start":{"line":38,"column":20},"end":{"line":38,"column":51}},"13":{"start":{"line":40,"column":4},"end":{"line":40,"column":50}},"14":{"start":{"line":42,"column":19},"end":{"line":42,"column":37}},"15":{"start":{"line":44,"column":29},"end":{"line":44,"column":48}},"16":{"start":{"line":46,"column":4},"end":{"line":49,"column":6}},"17":{"start":{"line":13,"column":0},"end":{"line":13,"column":13}}},"fnMap":{"0":{"name":"(anonymous_0)","decl":{"start":{"line":14,"column":2},"end":{"line":14,"column":7}},"loc":{"start":{"line":14,"column":34},"end":{"line":50,"column":3}}}},"branchMap":{"0":{"loc":{"start":{"line":18,"column":4},"end":{"line":34,"column":null}},"type":"if","locations":[{"start":{"line":18,"column":4},"end":{"line":34,"column":null}}]}},"s":{"0":6,"1":8,"2":3,"3":3,"4":2,"5":1,"6":1,"7":1,"8":1,"9":1,"10":1,"11":1,"12":1,"13":1,"14":1,"15":1,"16":1,"17":6},"f":{"0":8},"b":{"0":[2]}}
,"/home/alopes/Documents/projects/ewally/bank-slip-generator/src/main/index.ts": {"path":"/home/alopes/Documents/projects/ewally/bank-slip-generator/src/main/index.ts","statementMap":{"0":{"start":{"line":2,"column":0},"end":{"line":2,"column":36}},"1":{"start":{"line":4,"column":0},"end":{"line":6,"column":2}},"2":{"start":{"line":5,"column":2},"end":{"line":5,"column":63}}},"fnMap":{"0":{"name":"(anonymous_0)","decl":{"start":{"line":4,"column":21},"end":{"line":4,"column":24}},"loc":{"start":{"line":5,"column":2},"end":{"line":5,"column":63}}}},"branchMap":{},"s":{"0":0,"1":0,"2":0},"f":{"0":0},"b":{}}
,"/home/alopes/Documents/projects/ewally/bank-slip-generator/src/main/adapters/express-router-adapter.ts": {"path":"/home/alopes/Documents/projects/ewally/bank-slip-generator/src/main/adapters/express-router-adapter.ts","statementMap":{"0":{"start":{"line":5,"column":4},"end":{"line":13,"column":6}},"1":{"start":{"line":6,"column":26},"end":{"line":9,"column":8}},"2":{"start":{"line":11,"column":27},"end":{"line":11,"column":58}},"3":{"start":{"line":12,"column":6},"end":{"line":12,"column":57}},"4":{"start":{"line":3,"column":0},"end":{"line":3,"column":13}}},"fnMap":{"0":{"name":"(anonymous_0)","decl":{"start":{"line":4,"column":2},"end":{"line":4,"column":8}},"loc":{"start":{"line":4,"column":21},"end":{"line":14,"column":3}}},"1":{"name":"(anonymous_1)","decl":{"start":{"line":5,"column":11},"end":{"line":5,"column":16}},"loc":{"start":{"line":5,"column":49},"end":{"line":13,"column":5}}}},"branchMap":{},"s":{"0":5,"1":5,"2":5,"3":5,"4":5},"f":{"0":5,"1":5},"b":{}}
,"/home/alopes/Documents/projects/ewally/bank-slip-generator/src/main/adapters/index.ts": {"path":"/home/alopes/Documents/projects/ewally/bank-slip-generator/src/main/adapters/index.ts","statementMap":{"0":{"start":{"line":1,"column":0},"end":{"line":1,"column":41}}},"fnMap":{},"branchMap":{},"s":{"0":5},"f":{},"b":{}}
,"/home/alopes/Documents/projects/ewally/bank-slip-generator/src/main/composers/index.ts": {"path":"/home/alopes/Documents/projects/ewally/bank-slip-generator/src/main/composers/index.ts","statementMap":{"0":{"start":{"line":1,"column":0},"end":{"line":1,"column":49}}},"fnMap":{},"branchMap":{},"s":{"0":5},"f":{},"b":{}}
,"/home/alopes/Documents/projects/ewally/bank-slip-generator/src/main/composers/load-bank-slip-router-composer.ts": {"path":"/home/alopes/Documents/projects/ewally/bank-slip-generator/src/main/composers/load-bank-slip-router-composer.ts","statementMap":{"0":{"start":{"line":1,"column":0},"end":{"line":1,"column":61}},"1":{"start":{"line":2,"column":0},"end":{"line":2,"column":63}},"2":{"start":{"line":3,"column":0},"end":{"line":3,"column":82}},"3":{"start":{"line":7,"column":35},"end":{"line":7,"column":63}},"4":{"start":{"line":9,"column":28},"end":{"line":9,"column":75}},"5":{"start":{"line":11,"column":4},"end":{"line":11,"column":51}},"6":{"start":{"line":5,"column":0},"end":{"line":5,"column":13}}},"fnMap":{"0":{"name":"(anonymous_0)","decl":{"start":{"line":6,"column":2},"end":{"line":6,"column":8}},"loc":{"start":{"line":6,"column":16},"end":{"line":12,"column":3}}}},"branchMap":{},"s":{"0":5,"1":5,"2":5,"3":5,"4":5,"5":5,"6":5},"f":{"0":5},"b":{}}
,"/home/alopes/Documents/projects/ewally/bank-slip-generator/src/main/config/app.ts": {"path":"/home/alopes/Documents/projects/ewally/bank-slip-generator/src/main/config/app.ts","statementMap":{"0":{"start":{"line":1,"column":0},"end":{"line":1,"column":30}},"1":{"start":{"line":3,"column":0},"end":{"line":3,"column":31}},"2":{"start":{"line":4,"column":0},"end":{"line":4,"column":35}},"3":{"start":{"line":6,"column":12},"end":{"line":6,"column":21}},"4":{"start":{"line":8,"column":0},"end":{"line":8,"column":14}},"5":{"start":{"line":9,"column":0},"end":{"line":9,"column":17}},"6":{"start":{"line":11,"column":0},"end":{"line":11,"column":19}}},"fnMap":{},"branchMap":{},"s":{"0":5,"1":5,"2":5,"3":5,"4":5,"5":5,"6":5},"f":{},"b":{}}
,"/home/alopes/Documents/projects/ewally/bank-slip-generator/src/main/config/env.ts": {"path":"/home/alopes/Documents/projects/ewally/bank-slip-generator/src/main/config/env.ts","statementMap":{"0":{"start":{"line":1,"column":12},"end":{"line":3,"column":2}},"1":{"start":{"line":5,"column":0},"end":{"line":5,"column":19}}},"fnMap":{},"branchMap":{"0":{"loc":{"start":{"line":2,"column":8},"end":{"line":2,"column":32}},"type":"binary-expr","locations":[{"start":{"line":2,"column":8},"end":{"line":2,"column":24}},{"start":{"line":2,"column":28},"end":{"line":2,"column":32}}]}},"s":{"0":2,"1":2},"f":{},"b":{"0":[2,2]}}
,"/home/alopes/Documents/projects/ewally/bank-slip-generator/src/main/config/index.ts": {"path":"/home/alopes/Documents/projects/ewally/bank-slip-generator/src/main/config/index.ts","statementMap":{"0":{"start":{"line":1,"column":0},"end":{"line":1,"column":9}},"1":{"start":{"line":1,"column":9},"end":{"line":1,"column":23}},"2":{"start":{"line":2,"column":0},"end":{"line":2,"column":9}},"3":{"start":{"line":2,"column":9},"end":{"line":2,"column":23}},"4":{"start":{"line":3,"column":0},"end":{"line":3,"column":9}},"5":{"start":{"line":3,"column":9},"end":{"line":3,"column":28}},"6":{"start":{"line":4,"column":0},"end":{"line":4,"column":9}},"7":{"start":{"line":4,"column":9},"end":{"line":4,"column":31}}},"fnMap":{"0":{"name":"(anonymous_1)","decl":{"start":{"line":1,"column":9},"end":{"line":1,"column":16}},"loc":{"start":{"line":1,"column":9},"end":{"line":1,"column":23}}},"1":{"name":"(anonymous_2)","decl":{"start":{"line":2,"column":9},"end":{"line":2,"column":16}},"loc":{"start":{"line":2,"column":9},"end":{"line":2,"column":23}}},"2":{"name":"(anonymous_3)","decl":{"start":{"line":3,"column":9},"end":{"line":3,"column":16}},"loc":{"start":{"line":3,"column":9},"end":{"line":3,"column":28}}},"3":{"name":"(anonymous_4)","decl":{"start":{"line":4,"column":9},"end":{"line":4,"column":16}},"loc":{"start":{"line":4,"column":9},"end":{"line":4,"column":31}}}},"branchMap":{},"s":{"0":1,"1":2,"2":1,"3":2,"4":1,"5":2,"6":1,"7":2},"f":{"0":1,"1":1,"2":1,"3":1},"b":{}}
,"/home/alopes/Documents/projects/ewally/bank-slip-generator/src/main/config/routes.ts": {"path":"/home/alopes/Documents/projects/ewally/bank-slip-generator/src/main/config/routes.ts","statementMap":{"0":{"start":{"line":1,"column":0},"end":{"line":1,"column":42}},"1":{"start":{"line":3,"column":0},"end":{"line":3,"column":27}},"2":{"start":{"line":5,"column":15},"end":{"line":5,"column":23}},"3":{"start":{"line":7,"column":20},"end":{"line":12,"column":1}},"4":{"start":{"line":8,"column":2},"end":{"line":8,"column":26}},"5":{"start":{"line":9,"column":2},"end":{"line":11,"column":4}},"6":{"start":{"line":10,"column":4},"end":{"line":10,"column":45}},"7":{"start":{"line":14,"column":0},"end":{"line":14,"column":27}}},"fnMap":{"0":{"name":"(anonymous_1)","decl":{"start":{"line":7,"column":20},"end":{"line":7,"column":21}},"loc":{"start":{"line":7,"column":37},"end":{"line":12,"column":1}}},"1":{"name":"(anonymous_2)","decl":{"start":{"line":9,"column":52},"end":{"line":9,"column":53}},"loc":{"start":{"line":10,"column":4},"end":{"line":10,"column":45}}}},"branchMap":{},"s":{"0":5,"1":5,"2":5,"3":5,"4":5,"5":5,"6":5,"7":5},"f":{"0":5,"1":5},"b":{}}
,"/home/alopes/Documents/projects/ewally/bank-slip-generator/src/main/config/setup.ts": {"path":"/home/alopes/Documents/projects/ewally/bank-slip-generator/src/main/config/setup.ts","statementMap":{"0":{"start":{"line":2,"column":0},"end":{"line":2,"column":63}},"1":{"start":{"line":4,"column":17},"end":{"line":9,"column":1}},"2":{"start":{"line":5,"column":2},"end":{"line":5,"column":30}},"3":{"start":{"line":6,"column":2},"end":{"line":6,"column":16}},"4":{"start":{"line":7,"column":2},"end":{"line":7,"column":22}},"5":{"start":{"line":8,"column":2},"end":{"line":8,"column":23}},"6":{"start":{"line":11,"column":0},"end":{"line":11,"column":24}}},"fnMap":{"0":{"name":"(anonymous_0)","decl":{"start":{"line":4,"column":17},"end":{"line":4,"column":18}},"loc":{"start":{"line":4,"column":34},"end":{"line":9,"column":1}}}},"branchMap":{},"s":{"0":5,"1":5,"2":5,"3":5,"4":5,"5":5,"6":5},"f":{"0":5},"b":{}}
,"/home/alopes/Documents/projects/ewally/bank-slip-generator/src/main/middlewares/content-type.ts": {"path":"/home/alopes/Documents/projects/ewally/bank-slip-generator/src/main/middlewares/content-type.ts","statementMap":{"0":{"start":{"line":3,"column":27},"end":{"line":10,"column":1}},"1":{"start":{"line":8,"column":2},"end":{"line":8,"column":19}},"2":{"start":{"line":9,"column":2},"end":{"line":9,"column":9}},"3":{"start":{"line":3,"column":13},"end":{"line":3,"column":27}}},"fnMap":{"0":{"name":"(anonymous_0)","decl":{"start":{"line":3,"column":27},"end":{"line":3,"column":null}},"loc":{"start":{"line":7,"column":4},"end":{"line":10,"column":1}}}},"branchMap":{},"s":{"0":6,"1":8,"2":8,"3":6},"f":{"0":8},"b":{}}
,"/home/alopes/Documents/projects/ewally/bank-slip-generator/src/main/middlewares/cors.ts": {"path":"/home/alopes/Documents/projects/ewally/bank-slip-generator/src/main/middlewares/cors.ts","statementMap":{"0":{"start":{"line":3,"column":20},"end":{"line":8,"column":1}},"1":{"start":{"line":4,"column":2},"end":{"line":4,"column":46}},"2":{"start":{"line":5,"column":2},"end":{"line":5,"column":47}},"3":{"start":{"line":6,"column":2},"end":{"line":6,"column":47}},"4":{"start":{"line":7,"column":2},"end":{"line":7,"column":9}},"5":{"start":{"line":3,"column":13},"end":{"line":3,"column":20}}},"fnMap":{"0":{"name":"(anonymous_0)","decl":{"start":{"line":3,"column":20},"end":{"line":3,"column":21}},"loc":{"start":{"line":3,"column":72},"end":{"line":8,"column":1}}}},"branchMap":{},"s":{"0":6,"1":8,"2":8,"3":8,"4":8,"5":6},"f":{"0":8},"b":{}}
,"/home/alopes/Documents/projects/ewally/bank-slip-generator/src/main/middlewares/index.ts": {"path":"/home/alopes/Documents/projects/ewally/bank-slip-generator/src/main/middlewares/index.ts","statementMap":{"0":{"start":{"line":1,"column":0},"end":{"line":1,"column":30}},"1":{"start":{"line":2,"column":0},"end":{"line":2,"column":23}},"2":{"start":{"line":3,"column":0},"end":{"line":3,"column":31}}},"fnMap":{},"branchMap":{},"s":{"0":6,"1":6,"2":6},"f":{},"b":{}}
,"/home/alopes/Documents/projects/ewally/bank-slip-generator/src/main/middlewares/json-parser.ts": {"path":"/home/alopes/Documents/projects/ewally/bank-slip-generator/src/main/middlewares/json-parser.ts","statementMap":{"0":{"start":{"line":1,"column":0},"end":{"line":1,"column":30}},"1":{"start":{"line":3,"column":13},"end":{"line":3,"column":41}}},"fnMap":{},"branchMap":{},"s":{"0":6,"1":6},"f":{},"b":{}}
,"/home/alopes/Documents/projects/ewally/bank-slip-generator/src/main/routes/load-bank-slip-routes.ts": {"path":"/home/alopes/Documents/projects/ewally/bank-slip-generator/src/main/routes/load-bank-slip-routes.ts","statementMap":{"0":{"start":{"line":2,"column":0},"end":{"line":2,"column":58}},"1":{"start":{"line":3,"column":0},"end":{"line":3,"column":51}},"2":{"start":{"line":5,"column":21},"end":{"line":10,"column":1}},"3":{"start":{"line":6,"column":2},"end":{"line":9,"column":4}},"4":{"start":{"line":5,"column":13},"end":{"line":5,"column":21}}},"fnMap":{"0":{"name":"(anonymous_0)","decl":{"start":{"line":5,"column":21},"end":{"line":5,"column":22}},"loc":{"start":{"line":5,"column":40},"end":{"line":10,"column":1}}}},"branchMap":{},"s":{"0":5,"1":5,"2":5,"3":5,"4":5},"f":{"0":5},"b":{}}
,"/home/alopes/Documents/projects/ewally/bank-slip-generator/src/presentation/helpers/http-response.ts": {"path":"/home/alopes/Documents/projects/ewally/bank-slip-generator/src/presentation/helpers/http-response.ts","statementMap":{"0":{"start":{"line":3,"column":4},"end":{"line":6,"column":6}},"1":{"start":{"line":10,"column":4},"end":{"line":16,"column":6}},"2":{"start":{"line":1,"column":0},"end":{"line":1,"column":13}}},"fnMap":{"0":{"name":"(anonymous_0)","decl":{"start":{"line":2,"column":2},"end":{"line":2,"column":8}},"loc":{"start":{"line":2,"column":16},"end":{"line":7,"column":3}}},"1":{"name":"(anonymous_1)","decl":{"start":{"line":9,"column":2},"end":{"line":9,"column":8}},"loc":{"start":{"line":9,"column":32},"end":{"line":17,"column":3}}}},"branchMap":{},"s":{"0":1,"1":10,"2":6},"f":{"0":1,"1":10},"b":{}}
,"/home/alopes/Documents/projects/ewally/bank-slip-generator/src/presentation/routers/load-bank-slip-router.ts": {"path":"/home/alopes/Documents/projects/ewally/bank-slip-generator/src/presentation/routers/load-bank-slip-router.ts","statementMap":{"0":{"start":{"line":2,"column":0},"end":{"line":2,"column":49}},"1":{"start":{"line":3,"column":0},"end":{"line":3,"column":68}},"2":{"start":{"line":14,"column":4},"end":{"line":14,"column":51}},"3":{"start":{"line":18,"column":4},"end":{"line":29,"column":null}},"4":{"start":{"line":19,"column":23},"end":{"line":19,"column":41}},"5":{"start":{"line":21,"column":23},"end":{"line":21,"column":71}},"6":{"start":{"line":23,"column":6},"end":{"line":23,"column":39}},"7":{"start":{"line":25,"column":6},"end":{"line":27,"column":null}},"8":{"start":{"line":26,"column":8},"end":{"line":26,"column":47}},"9":{"start":{"line":10,"column":0},"end":{"line":10,"column":13}}},"fnMap":{"0":{"name":"(anonymous_1)","decl":{"start":{"line":13,"column":2},"end":{"line":13,"column":14}},"loc":{"start":{"line":13,"column":54},"end":{"line":15,"column":3}}},"1":{"name":"(anonymous_2)","decl":{"start":{"line":17,"column":2},"end":{"line":17,"column":7}},"loc":{"start":{"line":17,"column":54},"end":{"line":30,"column":3}}}},"branchMap":{"0":{"loc":{"start":{"line":25,"column":6},"end":{"line":27,"column":null}},"type":"if","locations":[{"start":{"line":25,"column":6},"end":{"line":27,"column":null}}]}},"s":{"0":6,"1":6,"2":11,"3":11,"4":11,"5":11,"6":1,"7":10,"8":10,"9":6},"f":{"0":11,"1":11},"b":{"0":[10]}}
}
