TN:
SF:src/application/services/index.ts
FNF:0
FNH:0
DA:1,5
LF:1
LH:1
BRF:0
BRH:0
end_of_record
TN:
SF:src/application/services/load-bank-slip-service.ts
FN:7,(anonymous_0)
FN:11,(anonymous_1)
FNF:2
FNH:2
FNDA:7,(anonymous_0)
FNDA:7,(anonymous_1)
DA:4,6
DA:8,7
DA:14,7
DA:16,2
LF:4
LH:4
BRF:0
BRH:0
end_of_record
TN:
SF:src/domain/common/types/index.ts
FNF:0
FNH:0
DA:1,0
LF:1
LH:0
BRF:0
BRH:0
end_of_record
TN:
SF:src/domain/usecases/index.ts
FNF:0
FNH:0
DA:1,0
LF:1
LH:0
BRF:0
BRH:0
end_of_record
TN:
SF:src/infra/errors/app-errors.ts
FN:6,(anonymous_0)
FNF:1
FNH:1
FNDA:23,(anonymous_0)
DA:1,12
DA:12,23
DA:13,23
DA:14,23
DA:15,23
LF:5
LH:5
BRDA:12,0,0,23
BRDA:12,0,1,0
BRDA:12,1,0,23
BRDA:12,1,1,23
BRF:4
BRH:3
end_of_record
TN:
SF:src/infra/helpers/add-days.ts
FN:1,(anonymous_0)
FNF:1
FNH:1
FNDA:4,(anonymous_0)
DA:1,9
DA:2,4
DA:4,4
DA:6,4
DA:8,4
LF:5
LH:5
BRF:0
BRH:0
end_of_record
TN:
SF:src/infra/helpers/bar-code-generator.ts
FN:1,(anonymous_0)
FNF:1
FNH:1
FNDA:7,(anonymous_0)
DA:1,9
DA:2,7
DA:3,4
DA:13,3
LF:4
LH:4
BRDA:2,0,0,4
BRF:1
BRH:1
end_of_record
TN:
SF:src/infra/helpers/check-even.ts
FN:1,(anonymous_0)
FNF:1
FNH:1
FNDA:268,(anonymous_0)
DA:1,11
DA:2,268
LF:2
LH:2
BRF:0
BRH:0
end_of_record
TN:
SF:src/infra/helpers/check-if-numbers-only.ts
FN:1,(anonymous_0)
FNF:1
FNH:1
FNDA:10,(anonymous_0)
DA:1,8
DA:2,10
DA:4,10
LF:3
LH:3
BRF:0
BRH:0
end_of_record
TN:
SF:src/infra/helpers/get-amount.ts
FN:1,(anonymous_0)
FNF:1
FNH:1
FNDA:5,(anonymous_0)
DA:1,8
DA:3,5
DA:5,5
DA:7,5
LF:4
LH:4
BRDA:3,0,0,3
BRDA:3,0,1,2
BRF:2
BRH:2
end_of_record
TN:
SF:src/infra/helpers/get-bar-code.ts
FN:1,(anonymous_0)
FNF:1
FNH:1
FNDA:7,(anonymous_0)
DA:1,9
DA:2,7
DA:3,7
DA:5,7
DA:10,7
DA:12,7
LF:6
LH:6
BRF:0
BRH:0
end_of_record
TN:
SF:src/infra/helpers/get-expiration-date.ts
FN:3,(anonymous_0)
FNF:1
FNH:1
FNDA:3,(anonymous_0)
DA:1,8
DA:3,8
DA:4,3
DA:6,3
DA:11,3
LF:5
LH:5
BRF:0
BRH:0
end_of_record
TN:
SF:src/infra/helpers/index.ts
FNF:0
FNH:0
DA:1,7
DA:2,7
DA:3,7
DA:4,7
DA:5,7
DA:6,7
DA:7,7
DA:8,7
DA:9,7
DA:10,7
DA:11,7
DA:12,7
DA:13,7
DA:14,7
LF:14
LH:14
BRF:0
BRH:0
end_of_record
TN:
SF:src/infra/helpers/module-eleven.ts
FN:8,(anonymous_1)
FN:13,(anonymous_2)
FNF:2
FNH:2
FNDA:5,(anonymous_1)
FNDA:173,(anonymous_2)
DA:1,10
DA:8,10
DA:13,5
DA:14,173
DA:15,173
DA:17,173
DA:18,20
DA:24,153
DA:30,5
DA:32,5
DA:34,5
DA:37,5
DA:42,5
DA:45,5
DA:46,4
DA:47,4
DA:50,1
LF:17
LH:17
BRDA:17,0,0,20
BRDA:37,1,0,5
BRDA:37,1,1,5
BRDA:37,1,2,4
BRDA:42,2,0,5
BRDA:42,2,1,4
BRDA:42,2,2,1
BRDA:42,2,3,1
BRDA:45,3,0,4
BRDA:46,4,0,0
BRF:10
BRH:9
end_of_record
TN:
SF:src/infra/helpers/module-ten.ts
FN:4,(anonymous_1)
FN:10,(anonymous_2)
FNF:2
FNH:2
FNDA:20,(anonymous_1)
FNDA:266,(anonymous_2)
DA:1,10
DA:2,10
DA:4,10
DA:9,20
DA:11,266
DA:13,266
DA:15,266
DA:16,25
DA:18,25
DA:20,25
DA:23,241
DA:28,20
DA:29,20
DA:31,20
DA:32,1
DA:35,20
DA:36,0
DA:44,20
DA:45,4
DA:53,16
DA:54,2
DA:57,14
LF:22
LH:21
BRDA:13,0,0,140
BRDA:13,0,1,126
BRDA:15,1,0,25
BRDA:31,2,0,1
BRDA:35,3,0,0
BRDA:35,4,0,20
BRDA:35,4,1,2
BRDA:44,5,0,4
BRDA:53,6,0,2
BRDA:53,7,0,16
BRDA:53,7,1,2
BRF:11
BRH:10
end_of_record
TN:
SF:src/infra/helpers/validate-bar-code.ts
FN:5,(anonymous_1)
FNF:1
FNH:1
FNDA:5,(anonymous_1)
DA:1,8
DA:2,8
DA:3,8
DA:4,8
DA:5,8
DA:6,5
DA:7,3
DA:9,3
DA:10,3
DA:11,3
DA:12,3
DA:14,3
DA:15,0
DA:23,3
DA:26,2
DA:28,2
DA:29,2
DA:30,2
DA:32,2
DA:34,2
LF:20
LH:19
BRDA:6,0,0,3
BRDA:14,1,0,0
BRF:2
BRH:1
end_of_record
TN:
SF:src/infra/helpers/validate-digitable-line-code.ts
FN:4,(anonymous_1)
FNF:1
FNH:1
FNDA:19,(anonymous_1)
DA:1,8
DA:2,8
DA:4,8
DA:5,19
DA:7,19
DA:9,19
DA:10,1
DA:18,18
DA:19,8
DA:27,10
DA:28,3
DA:36,7
LF:12
LH:12
BRDA:7,0,0,19
BRDA:7,0,1,11
BRDA:9,1,0,1
BRDA:18,2,0,8
BRDA:27,3,0,3
BRF:5
BRH:5
end_of_record
TN:
SF:src/infra/helpers/validate-field.ts
FN:3,(anonymous_0)
FNF:1
FNH:1
FNDA:16,(anonymous_0)
DA:1,8
DA:2,8
DA:3,8
DA:10,16
DA:11,16
DA:12,16
DA:13,16
DA:15,16
DA:17,16
DA:18,16
DA:20,0
DA:23,13
LF:12
LH:11
BRDA:15,0,0,16
BRDA:15,0,1,5
BRDA:15,0,2,0
BRDA:17,1,0,16
BRDA:17,1,1,0
BRF:5
BRH:3
end_of_record
TN:
SF:src/infra/helpers/validate-four-fields.ts
FN:3,(anonymous_0)
FNF:1
FNH:1
FNDA:1,(anonymous_0)
DA:1,7
DA:3,7
DA:4,1
DA:5,1
DA:6,1
DA:7,1
DA:8,1
DA:9,1
DA:11,1
DA:12,1
DA:13,1
DA:14,1
DA:16,1
DA:17,1
DA:18,1
DA:19,1
LF:16
LH:16
BRF:0
BRH:0
end_of_record
TN:
SF:src/infra/helpers/validate-three-fields.ts
FN:3,(anonymous_0)
FNF:1
FNH:1
FNDA:4,(anonymous_0)
DA:1,7
DA:3,7
DA:4,4
DA:5,4
DA:6,4
DA:7,4
DA:9,4
DA:10,4
DA:11,4
DA:13,4
DA:14,4
DA:15,2
LF:12
LH:12
BRF:0
BRH:0
end_of_record
TN:
SF:src/infra/model/index.ts
FNF:0
FNH:0
DA:1,0
LF:1
LH:0
BRF:0
BRH:0
end_of_record
TN:
SF:src/infra/respositories/index.ts
FNF:0
FNH:0
DA:1,5
LF:1
LH:1
BRF:0
BRH:0
end_of_record
TN:
SF:src/infra/respositories/load-bank-slip-repository.ts
FN:14,(anonymous_0)
FNF:1
FNH:1
FNDA:8,(anonymous_0)
DA:2,6
DA:13,6
DA:15,8
DA:16,3
DA:18,3
DA:19,2
DA:20,1
DA:21,1
DA:23,1
DA:25,1
DA:27,1
DA:29,1
DA:36,1
DA:38,1
DA:40,1
DA:42,1
DA:44,1
DA:46,1
LF:18
LH:18
BRDA:18,0,0,2
BRF:1
BRH:1
end_of_record
TN:
SF:src/main/index.ts
FN:4,(anonymous_0)
FNF:1
FNH:0
FNDA:0,(anonymous_0)
DA:2,0
DA:4,0
DA:5,0
LF:3
LH:0
BRF:0
BRH:0
end_of_record
TN:
SF:src/main/adapters/express-router-adapter.ts
FN:4,(anonymous_0)
FN:5,(anonymous_1)
FNF:2
FNH:2
FNDA:5,(anonymous_0)
FNDA:5,(anonymous_1)
DA:3,5
DA:5,5
DA:6,5
DA:11,5
DA:12,5
LF:5
LH:5
BRF:0
BRH:0
end_of_record
TN:
SF:src/main/adapters/index.ts
FNF:0
FNH:0
DA:1,5
LF:1
LH:1
BRF:0
BRH:0
end_of_record
TN:
SF:src/main/composers/index.ts
FNF:0
FNH:0
DA:1,5
LF:1
LH:1
BRF:0
BRH:0
end_of_record
TN:
SF:src/main/composers/load-bank-slip-router-composer.ts
FN:6,(anonymous_0)
FNF:1
FNH:1
FNDA:5,(anonymous_0)
DA:1,5
DA:2,5
DA:3,5
DA:5,5
DA:7,5
DA:9,5
DA:11,5
LF:7
LH:7
BRF:0
BRH:0
end_of_record
TN:
SF:src/main/config/app.ts
FNF:0
FNH:0
DA:1,5
DA:3,5
DA:4,5
DA:6,5
DA:8,5
DA:9,5
DA:11,5
LF:7
LH:7
BRF:0
BRH:0
end_of_record
TN:
SF:src/main/config/env.ts
FNF:0
FNH:0
DA:1,2
DA:5,2
LF:2
LH:2
BRDA:2,0,0,2
BRDA:2,0,1,2
BRF:2
BRH:2
end_of_record
TN:
SF:src/main/config/index.ts
FN:1,(anonymous_1)
FN:2,(anonymous_2)
FN:3,(anonymous_3)
FN:4,(anonymous_4)
FNF:4
FNH:4
FNDA:1,(anonymous_1)
FNDA:1,(anonymous_2)
FNDA:1,(anonymous_3)
FNDA:1,(anonymous_4)
DA:1,2
DA:2,2
DA:3,2
DA:4,2
LF:4
LH:4
BRF:0
BRH:0
end_of_record
TN:
SF:src/main/config/routes.ts
FN:7,(anonymous_1)
FN:9,(anonymous_2)
FNF:2
FNH:2
FNDA:5,(anonymous_1)
FNDA:5,(anonymous_2)
DA:1,5
DA:3,5
DA:5,5
DA:7,5
DA:8,5
DA:9,5
DA:10,5
DA:14,5
LF:8
LH:8
BRF:0
BRH:0
end_of_record
TN:
SF:src/main/config/setup.ts
FN:4,(anonymous_0)
FNF:1
FNH:1
FNDA:5,(anonymous_0)
DA:2,5
DA:4,5
DA:5,5
DA:6,5
DA:7,5
DA:8,5
DA:11,5
LF:7
LH:7
BRF:0
BRH:0
end_of_record
TN:
SF:src/main/middlewares/content-type.ts
FN:3,(anonymous_0)
FNF:1
FNH:1
FNDA:8,(anonymous_0)
DA:3,6
DA:8,8
DA:9,8
LF:3
LH:3
BRF:0
BRH:0
end_of_record
TN:
SF:src/main/middlewares/cors.ts
FN:3,(anonymous_0)
FNF:1
FNH:1
FNDA:8,(anonymous_0)
DA:3,6
DA:4,8
DA:5,8
DA:6,8
DA:7,8
LF:5
LH:5
BRF:0
BRH:0
end_of_record
TN:
SF:src/main/middlewares/index.ts
FNF:0
FNH:0
DA:1,6
DA:2,6
DA:3,6
LF:3
LH:3
BRF:0
BRH:0
end_of_record
TN:
SF:src/main/middlewares/json-parser.ts
FNF:0
FNH:0
DA:1,6
DA:3,6
LF:2
LH:2
BRF:0
BRH:0
end_of_record
TN:
SF:src/main/routes/load-bank-slip-routes.ts
FN:5,(anonymous_0)
FNF:1
FNH:1
FNDA:5,(anonymous_0)
DA:2,5
DA:3,5
DA:5,5
DA:6,5
LF:4
LH:4
BRF:0
BRH:0
end_of_record
TN:
SF:src/presentation/helpers/http-response.ts
FN:2,(anonymous_0)
FN:9,(anonymous_1)
FNF:2
FNH:2
FNDA:1,(anonymous_0)
FNDA:10,(anonymous_1)
DA:1,6
DA:3,1
DA:10,10
LF:3
LH:3
BRF:0
BRH:0
end_of_record
TN:
SF:src/presentation/routers/load-bank-slip-router.ts
FN:13,(anonymous_1)
FN:17,(anonymous_2)
FNF:2
FNH:2
FNDA:11,(anonymous_1)
FNDA:11,(anonymous_2)
DA:2,6
DA:3,6
DA:10,6
DA:14,11
DA:18,11
DA:19,11
DA:21,11
DA:23,1
DA:25,10
DA:26,10
LF:10
LH:10
BRDA:25,0,0,10
BRF:1
BRH:1
end_of_record
